<?xml version="1.0" encoding="UTF-8" ?>
<testsuite tests="7" failures="0" name="com.news.web.controller.UserControllerTest" time="0.358" errors="1" skipped="0">
  <properties>
[...]
</properties>
  <testcase classname="com.news.web.controller.UserControllerTest" name="whenUploadSuccess" time="0.113">
    <error message="\Users\zhngtr-mi\sts-workspace\news-security-demo\src\main\java\com\news\web\controller\1537761168083.txt (系统找不到指定的路径。)" type="java.io.FileNotFoundException">java.io.FileNotFoundException: \Users\zhngtr-mi\sts-workspace\news-security-demo\src\main\java\com\news\web\controller\1537761168083.txt (系统找不到指定的路径。)
	at java.io.FileOutputStream.open0(Native Method)
	at java.io.FileOutputStream.open(FileOutputStream.java:270)
	at java.io.FileOutputStream.&lt;init&gt;(FileOutputStream.java:213)
	at java.io.FileOutputStream.&lt;init&gt;(FileOutputStream.java:162)
	at org.springframework.util.FileCopyUtils.copy(FileCopyUtils.java:79)
	at org.springframework.mock.web.MockMultipartFile.transferTo(MockMultipartFile.java:136)
	at com.news.web.controller.FileController.upload(FileController.java:44)
	at sun.reflect.NativeMethodAccessorImpl.invoke0(Native Method)
	at sun.reflect.NativeMethodAccessorImpl.invoke(NativeMethodAccessorImpl.java:62)
	at sun.reflect.DelegatingMethodAccessorImpl.invoke(DelegatingMethodAccessorImpl.java:43)
	at java.lang.reflect.Method.invoke(Method.java:498)
	at org.springframework.web.method.support.InvocableHandlerMethod.doInvoke(InvocableHandlerMethod.java:205)
	at org.springframework.web.method.support.InvocableHandlerMethod.invokeForRequest(InvocableHandlerMethod.java:133)
	at org.springframework.web.servlet.mvc.method.annotation.ServletInvocableHandlerMethod.invokeAndHandle(ServletInvocableHandlerMethod.java:97)
	at org.springframework.web.servlet.mvc.method.annotation.RequestMappingHandlerAdapter.invokeHandlerMethod(RequestMappingHandlerAdapter.java:827)
	at org.springframework.web.servlet.mvc.method.annotation.RequestMappingHandlerAdapter.handleInternal(RequestMappingHandlerAdapter.java:738)
	at org.springframework.web.servlet.mvc.method.AbstractHandlerMethodAdapter.handle(AbstractHandlerMethodAdapter.java:85)
	at org.springframework.web.servlet.DispatcherServlet.doDispatch(DispatcherServlet.java:967)
	at org.springframework.web.servlet.DispatcherServlet.doService(DispatcherServlet.java:901)
	at org.springframework.web.servlet.FrameworkServlet.processRequest(FrameworkServlet.java:970)
	at org.springframework.web.servlet.FrameworkServlet.doPost(FrameworkServlet.java:872)
	at javax.servlet.http.HttpServlet.service(HttpServlet.java:661)
	at org.springframework.web.servlet.FrameworkServlet.service(FrameworkServlet.java:846)
	at org.springframework.test.web.servlet.TestDispatcherServlet.service(TestDispatcherServlet.java:65)
	at javax.servlet.http.HttpServlet.service(HttpServlet.java:742)
	at org.springframework.mock.web.MockFilterChain$ServletFilterProxy.doFilter(MockFilterChain.java:167)
	at org.springframework.mock.web.MockFilterChain.doFilter(MockFilterChain.java:134)
	at org.springframework.test.web.servlet.MockMvc.perform(MockMvc.java:155)
	at com.news.web.controller.UserControllerTest.whenUploadSuccess(UserControllerTest.java:44)
	at sun.reflect.NativeMethodAccessorImpl.invoke0(Native Method)
	at sun.reflect.NativeMethodAccessorImpl.invoke(NativeMethodAccessorImpl.java:62)
	at sun.reflect.DelegatingMethodAccessorImpl.invoke(DelegatingMethodAccessorImpl.java:43)
	at java.lang.reflect.Method.invoke(Method.java:498)
	at org.junit.runners.model.FrameworkMethod$1.runReflectiveCall(FrameworkMethod.java:50)
	at org.junit.internal.runners.model.ReflectiveCallable.run(ReflectiveCallable.java:12)
	at org.junit.runners.model.FrameworkMethod.invokeExplosively(FrameworkMethod.java:47)
	at org.junit.internal.runners.statements.InvokeMethod.evaluate(InvokeMethod.java:17)
	at org.junit.internal.runners.statements.RunBefores.evaluate(RunBefores.java:26)
	at org.springframework.test.context.junit4.statements.RunBeforeTestMethodCallbacks.evaluate(RunBeforeTestMethodCallbacks.java:75)
	at org.springframework.test.context.junit4.statements.RunAfterTestMethodCallbacks.evaluate(RunAfterTestMethodCallbacks.java:86)
	at org.springframework.test.context.junit4.statements.SpringRepeat.evaluate(SpringRepeat.java:84)
	at org.junit.runners.ParentRunner.runLeaf(ParentRunner.java:325)
	at org.springframework.test.context.junit4.SpringJUnit4ClassRunner.runChild(SpringJUnit4ClassRunner.java:252)
	at org.springframework.test.context.junit4.SpringJUnit4ClassRunner.runChild(SpringJUnit4ClassRunner.java:94)
	at org.junit.runners.ParentRunner$3.run(ParentRunner.java:290)
	at org.junit.runners.ParentRunner$1.schedule(ParentRunner.java:71)
	at org.junit.runners.ParentRunner.runChildren(ParentRunner.java:288)
	at org.junit.runners.ParentRunner.access$000(ParentRunner.java:58)
	at org.junit.runners.ParentRunner$2.evaluate(ParentRunner.java:268)
	at org.springframework.test.context.junit4.statements.RunBeforeTestClassCallbacks.evaluate(RunBeforeTestClassCallbacks.java:61)
	at org.springframework.test.context.junit4.statements.RunAfterTestClassCallbacks.evaluate(RunAfterTestClassCallbacks.java:70)
	at org.junit.runners.ParentRunner.run(ParentRunner.java:363)
	at org.springframework.test.context.junit4.SpringJUnit4ClassRunner.run(SpringJUnit4ClassRunner.java:191)
	at org.apache.maven.surefire.junit4.JUnit4Provider.execute(JUnit4Provider.java:252)
	at org.apache.maven.surefire.junit4.JUnit4Provider.executeTestSet(JUnit4Provider.java:141)
	at org.apache.maven.surefire.junit4.JUnit4Provider.invoke(JUnit4Provider.java:112)
	at sun.reflect.NativeMethodAccessorImpl.invoke0(Native Method)
	at sun.reflect.NativeMethodAccessorImpl.invoke(NativeMethodAccessorImpl.java:62)
	at sun.reflect.DelegatingMethodAccessorImpl.invoke(DelegatingMethodAccessorImpl.java:43)
	at java.lang.reflect.Method.invoke(Method.java:498)
	at org.apache.maven.surefire.util.ReflectionUtils.invokeMethodWithArray(ReflectionUtils.java:189)
	at org.apache.maven.surefire.booter.ProviderFactory$ProviderProxy.invoke(ProviderFactory.java:165)
	at org.apache.maven.surefire.booter.ProviderFactory.invokeProvider(ProviderFactory.java:85)
	at org.apache.maven.surefire.booter.ForkedBooter.runSuitesInProcess(ForkedBooter.java:115)
	at org.apache.maven.surefire.booter.ForkedBooter.main(ForkedBooter.java:75)
</error>
    <system-out>11:52:40.340 [main] DEBUG org.springframework.test.context.junit4.SpringJUnit4ClassRunner - SpringJUnit4ClassRunner constructor called with [class com.news.web.controller.UserControllerTest]
11:52:40.346 [main] DEBUG org.springframework.test.context.BootstrapUtils - Instantiating CacheAwareContextLoaderDelegate from class [org.springframework.test.context.cache.DefaultCacheAwareContextLoaderDelegate]
11:52:40.355 [main] DEBUG org.springframework.test.context.BootstrapUtils - Instantiating BootstrapContext using constructor [public org.springframework.test.context.support.DefaultBootstrapContext(java.lang.Class,org.springframework.test.context.CacheAwareContextLoaderDelegate)]
11:52:40.369 [main] DEBUG org.springframework.test.context.BootstrapUtils - Instantiating TestContextBootstrapper for test class [com.news.web.controller.UserControllerTest] from class [org.springframework.boot.test.context.SpringBootTestContextBootstrapper]
11:52:40.381 [main] INFO org.springframework.boot.test.context.SpringBootTestContextBootstrapper - Neither @ContextConfiguration nor @ContextHierarchy found for test class [com.news.web.controller.UserControllerTest], using SpringBootContextLoader
11:52:40.384 [main] DEBUG org.springframework.test.context.support.AbstractContextLoader - Did not detect default resource location for test class [com.news.web.controller.UserControllerTest]: class path resource [com/news/web/controller/UserControllerTest-context.xml] does not exist
11:52:40.385 [main] DEBUG org.springframework.test.context.support.AbstractContextLoader - Did not detect default resource location for test class [com.news.web.controller.UserControllerTest]: class path resource [com/news/web/controller/UserControllerTestContext.groovy] does not exist
11:52:40.385 [main] INFO org.springframework.test.context.support.AbstractContextLoader - Could not detect default resource locations for test class [com.news.web.controller.UserControllerTest]: no resource found for suffixes {-context.xml, Context.groovy}.
11:52:40.386 [main] INFO org.springframework.test.context.support.AnnotationConfigContextLoaderUtils - Could not detect default configuration classes for test class [com.news.web.controller.UserControllerTest]: UserControllerTest does not declare any static, non-private, non-final, nested classes annotated with @Configuration.
11:52:40.422 [main] DEBUG org.springframework.test.context.support.ActiveProfilesUtils - Could not find an &apos;annotation declaring class&apos; for annotation type [org.springframework.test.context.ActiveProfiles] and class [com.news.web.controller.UserControllerTest]
11:52:40.434 [main] DEBUG org.springframework.core.env.StandardEnvironment - Adding [systemProperties] PropertySource with lowest search precedence
11:52:40.435 [main] DEBUG org.springframework.core.env.StandardEnvironment - Adding [systemEnvironment] PropertySource with lowest search precedence
11:52:40.436 [main] DEBUG org.springframework.core.env.StandardEnvironment - Initialized StandardEnvironment with PropertySources [systemProperties,systemEnvironment]
11:52:40.448 [main] DEBUG org.springframework.core.io.support.PathMatchingResourcePatternResolver - Resolved classpath location [com/news/web/controller/] to resources [URL [file:/C:/Users/zhngtr-mi/git/repository/news-security-demo/target/test-classes/com/news/web/controller/], URL [file:/C:/Users/zhngtr-mi/git/repository/news-security-demo/target/classes/com/news/web/controller/]]
11:52:40.448 [main] DEBUG org.springframework.core.io.support.PathMatchingResourcePatternResolver - Looking for matching resources in directory tree [C:\Users\zhngtr-mi\git\repository\news-security-demo\target\test-classes\com\news\web\controller]
11:52:40.448 [main] DEBUG org.springframework.core.io.support.PathMatchingResourcePatternResolver - Searching directory [C:\Users\zhngtr-mi\git\repository\news-security-demo\target\test-classes\com\news\web\controller] for files matching pattern [C:/Users/zhngtr-mi/git/repository/news-security-demo/target/test-classes/com/news/web/controller/*.class]
11:52:40.452 [main] DEBUG org.springframework.core.io.support.PathMatchingResourcePatternResolver - Looking for matching resources in directory tree [C:\Users\zhngtr-mi\git\repository\news-security-demo\target\classes\com\news\web\controller]
11:52:40.452 [main] DEBUG org.springframework.core.io.support.PathMatchingResourcePatternResolver - Searching directory [C:\Users\zhngtr-mi\git\repository\news-security-demo\target\classes\com\news\web\controller] for files matching pattern [C:/Users/zhngtr-mi/git/repository/news-security-demo/target/classes/com/news/web/controller/*.class]
11:52:40.454 [main] DEBUG org.springframework.core.io.support.PathMatchingResourcePatternResolver - Resolved location pattern [classpath*:com/news/web/controller/*.class] to resources [file [C:\Users\zhngtr-mi\git\repository\news-security-demo\target\test-classes\com\news\web\controller\UserControllerTest.class], file [C:\Users\zhngtr-mi\git\repository\news-security-demo\target\classes\com\news\web\controller\ControllerExceptionHandler.class], file [C:\Users\zhngtr-mi\git\repository\news-security-demo\target\classes\com\news\web\controller\FileController.class], file [C:\Users\zhngtr-mi\git\repository\news-security-demo\target\classes\com\news\web\controller\UserController.class]]
11:52:40.494 [main] DEBUG org.springframework.core.io.support.PathMatchingResourcePatternResolver - Resolved classpath location [com/news/web/] to resources [URL [file:/C:/Users/zhngtr-mi/git/repository/news-security-demo/target/test-classes/com/news/web/], URL [file:/C:/Users/zhngtr-mi/git/repository/news-security-demo/target/classes/com/news/web/]]
11:52:40.494 [main] DEBUG org.springframework.core.io.support.PathMatchingResourcePatternResolver - Looking for matching resources in directory tree [C:\Users\zhngtr-mi\git\repository\news-security-demo\target\test-classes\com\news\web]
11:52:40.495 [main] DEBUG org.springframework.core.io.support.PathMatchingResourcePatternResolver - Searching directory [C:\Users\zhngtr-mi\git\repository\news-security-demo\target\test-classes\com\news\web] for files matching pattern [C:/Users/zhngtr-mi/git/repository/news-security-demo/target/test-classes/com/news/web/*.class]
11:52:40.495 [main] DEBUG org.springframework.core.io.support.PathMatchingResourcePatternResolver - Looking for matching resources in directory tree [C:\Users\zhngtr-mi\git\repository\news-security-demo\target\classes\com\news\web]
11:52:40.495 [main] DEBUG org.springframework.core.io.support.PathMatchingResourcePatternResolver - Searching directory [C:\Users\zhngtr-mi\git\repository\news-security-demo\target\classes\com\news\web] for files matching pattern [C:/Users/zhngtr-mi/git/repository/news-security-demo/target/classes/com/news/web/*.class]
11:52:40.497 [main] DEBUG org.springframework.core.io.support.PathMatchingResourcePatternResolver - Resolved location pattern [classpath*:com/news/web/*.class] to resources []
11:52:40.498 [main] DEBUG org.springframework.core.io.support.PathMatchingResourcePatternResolver - Resolved classpath location [com/news/] to resources [URL [file:/C:/Users/zhngtr-mi/git/repository/news-security-demo/target/test-classes/com/news/], URL [file:/C:/Users/zhngtr-mi/git/repository/news-security-demo/target/classes/com/news/], URL [jar:file:/C:/Users/zhngtr-mi/git/repository/news-security-browser/target/news-security-browser-1.0.0-SNAPSHOT.jar!/com/news/], URL [jar:file:/C:/Users/zhngtr-mi/git/repository/news-security-core/target/news-security-core-1.0.0-SNAPSHOT.jar!/com/news/]]
11:52:40.498 [main] DEBUG org.springframework.core.io.support.PathMatchingResourcePatternResolver - Looking for matching resources in directory tree [C:\Users\zhngtr-mi\git\repository\news-security-demo\target\test-classes\com\news]
11:52:40.498 [main] DEBUG org.springframework.core.io.support.PathMatchingResourcePatternResolver - Searching directory [C:\Users\zhngtr-mi\git\repository\news-security-demo\target\test-classes\com\news] for files matching pattern [C:/Users/zhngtr-mi/git/repository/news-security-demo/target/test-classes/com/news/*.class]
11:52:40.498 [main] DEBUG org.springframework.core.io.support.PathMatchingResourcePatternResolver - Looking for matching resources in directory tree [C:\Users\zhngtr-mi\git\repository\news-security-demo\target\classes\com\news]
11:52:40.499 [main] DEBUG org.springframework.core.io.support.PathMatchingResourcePatternResolver - Searching directory [C:\Users\zhngtr-mi\git\repository\news-security-demo\target\classes\com\news] for files matching pattern [C:/Users/zhngtr-mi/git/repository/news-security-demo/target/classes/com/news/*.class]
11:52:40.501 [main] DEBUG org.springframework.core.io.support.PathMatchingResourcePatternResolver - Looking for matching resources in jar file [file:/C:/Users/zhngtr-mi/git/repository/news-security-browser/target/news-security-browser-1.0.0-SNAPSHOT.jar]
11:52:40.501 [main] DEBUG org.springframework.core.io.support.PathMatchingResourcePatternResolver - Looking for matching resources in jar file [file:/C:/Users/zhngtr-mi/git/repository/news-security-core/target/news-security-core-1.0.0-SNAPSHOT.jar]
11:52:40.502 [main] DEBUG org.springframework.core.io.support.PathMatchingResourcePatternResolver - Resolved location pattern [classpath*:com/news/*.class] to resources [file [C:\Users\zhngtr-mi\git\repository\news-security-demo\target\classes\com\news\DemoApplication.class]]
11:52:40.530 [main] DEBUG org.springframework.context.annotation.ClassPathScanningCandidateComponentProvider - Identified candidate component class: file [C:\Users\zhngtr-mi\git\repository\news-security-demo\target\classes\com\news\DemoApplication.class]
11:52:40.531 [main] INFO org.springframework.boot.test.context.SpringBootTestContextBootstrapper - Found @SpringBootConfiguration com.news.DemoApplication for test class com.news.web.controller.UserControllerTest
11:52:40.533 [main] DEBUG org.springframework.boot.test.context.SpringBootTestContextBootstrapper - @TestExecutionListeners is not present for class [com.news.web.controller.UserControllerTest]: using defaults.
11:52:40.538 [main] INFO org.springframework.boot.test.context.SpringBootTestContextBootstrapper - Loaded default TestExecutionListener class names from location [META-INF/spring.factories]: [org.springframework.boot.test.mock.mockito.MockitoTestExecutionListener, org.springframework.boot.test.mock.mockito.ResetMocksTestExecutionListener, org.springframework.boot.test.autoconfigure.restdocs.RestDocsTestExecutionListener, org.springframework.boot.test.autoconfigure.web.client.MockRestServiceServerResetTestExecutionListener, org.springframework.boot.test.autoconfigure.web.servlet.MockMvcPrintOnlyOnFailureTestExecutionListener, org.springframework.boot.test.autoconfigure.web.servlet.WebDriverTestExecutionListener, org.springframework.test.context.web.ServletTestExecutionListener, org.springframework.test.context.support.DirtiesContextBeforeModesTestExecutionListener, org.springframework.test.context.support.DependencyInjectionTestExecutionListener, org.springframework.test.context.support.DirtiesContextTestExecutionListener, org.springframework.test.context.transaction.TransactionalTestExecutionListener, org.springframework.test.context.jdbc.SqlScriptsTestExecutionListener]
11:52:40.557 [main] INFO org.springframework.boot.test.context.SpringBootTestContextBootstrapper - Using TestExecutionListeners: [org.springframework.test.context.web.ServletTestExecutionListener@69930714, org.springframework.test.context.support.DirtiesContextBeforeModesTestExecutionListener@7a52f2a2, org.springframework.boot.test.autoconfigure.SpringBootDependencyInjectionTestExecutionListener@78047b92, org.springframework.test.context.support.DirtiesContextTestExecutionListener@8909f18, org.springframework.test.context.transaction.TransactionalTestExecutionListener@79ca92b9, org.springframework.test.context.jdbc.SqlScriptsTestExecutionListener@1460a8c0, org.springframework.boot.test.autoconfigure.web.servlet.WebDriverTestExecutionListener@4f638935, org.springframework.boot.test.mock.mockito.MockitoTestExecutionListener@4387b79e, org.springframework.boot.test.autoconfigure.web.servlet.MockMvcPrintOnlyOnFailureTestExecutionListener@6e75aa0d, org.springframework.boot.test.autoconfigure.restdocs.RestDocsTestExecutionListener@7fc229ab, org.springframework.boot.test.mock.mockito.ResetMocksTestExecutionListener@2cbb3d47, org.springframework.boot.test.autoconfigure.web.client.MockRestServiceServerResetTestExecutionListener@527e5409]
11:52:40.558 [main] DEBUG org.springframework.test.annotation.ProfileValueUtils - Retrieved @ProfileValueSourceConfiguration [null] for test class [com.news.web.controller.UserControllerTest]
11:52:40.559 [main] DEBUG org.springframework.test.annotation.ProfileValueUtils - Retrieved ProfileValueSource type [class org.springframework.test.annotation.SystemProfileValueSource] for class [com.news.web.controller.UserControllerTest]
11:52:40.560 [main] DEBUG org.springframework.test.annotation.ProfileValueUtils - Retrieved @ProfileValueSourceConfiguration [null] for test class [com.news.web.controller.UserControllerTest]
11:52:40.560 [main] DEBUG org.springframework.test.annotation.ProfileValueUtils - Retrieved ProfileValueSource type [class org.springframework.test.annotation.SystemProfileValueSource] for class [com.news.web.controller.UserControllerTest]
11:52:40.564 [main] DEBUG org.springframework.test.context.support.AbstractDirtiesContextTestExecutionListener - Before test class: context [DefaultTestContext@1d082e88 testClass = UserControllerTest, testInstance = [null], testMethod = [null], testException = [null], mergedContextConfiguration = [WebMergedContextConfiguration@60704c testClass = UserControllerTest, locations = &apos;{}&apos;, classes = &apos;{class com.news.DemoApplication}&apos;, contextInitializerClasses = &apos;[]&apos;, activeProfiles = &apos;{}&apos;, propertySourceLocations = &apos;{}&apos;, propertySourceProperties = &apos;{org.springframework.boot.test.context.SpringBootTestContextBootstrapper=true}&apos;, contextCustomizers = set[org.springframework.boot.test.context.SpringBootTestContextCustomizer@2bbf4b8b, org.springframework.boot.test.context.filter.ExcludeFilterContextCustomizer@34c4973, org.springframework.boot.test.json.DuplicateJsonObjectContextCustomizerFactory$DuplicateJsonObjectContextCustomizer@76b0bfab, org.springframework.boot.test.mock.mockito.MockitoContextCustomizer@0, org.springframework.boot.test.autoconfigure.properties.PropertyMappingContextCustomizer@0, org.springframework.boot.test.autoconfigure.web.servlet.WebDriverContextCustomizerFactory$Customizer@5bb21b69], resourceBasePath = &apos;src/main/webapp&apos;, contextLoader = &apos;org.springframework.boot.test.context.SpringBootContextLoader&apos;, parent = [null]]], class annotated with @DirtiesContext [false] with mode [null].
11:52:40.565 [main] DEBUG org.springframework.test.annotation.ProfileValueUtils - Retrieved @ProfileValueSourceConfiguration [null] for test class [com.news.web.controller.UserControllerTest]
11:52:40.565 [main] DEBUG org.springframework.test.annotation.ProfileValueUtils - Retrieved ProfileValueSource type [class org.springframework.test.annotation.SystemProfileValueSource] for class [com.news.web.controller.UserControllerTest]
11:52:40.623 [main] DEBUG org.springframework.core.env.StandardEnvironment - Adding [systemProperties] PropertySource with lowest search precedence
11:52:40.624 [main] DEBUG org.springframework.core.env.StandardEnvironment - Adding [systemEnvironment] PropertySource with lowest search precedence
11:52:40.624 [main] DEBUG org.springframework.core.env.StandardEnvironment - Initialized StandardEnvironment with PropertySources [systemProperties,systemEnvironment]
11:52:40.625 [main] DEBUG org.springframework.core.env.MutablePropertySources - Adding [inline] PropertySource with highest search precedence
11:52:40.630 [main] DEBUG org.springframework.test.context.support.TestPropertySourceUtils - Adding inlined properties to environment: {spring.jmx.enabled=false, org.springframework.boot.test.context.SpringBootTestContextBootstrapper=true, server.port=-1}
11:52:40.630 [main] DEBUG org.springframework.core.env.StandardEnvironment - Adding [Inlined Test Properties] PropertySource with highest search precedence
2018-09-24 11:52:41.241  INFO 19608 --- [           main] s.c.a.AnnotationConfigApplicationContext : Refreshing org.springframework.context.annotation.AnnotationConfigApplicationContext@6c4906d3: startup date [Mon Sep 24 11:52:41 CST 2018]; root of context hierarchy
2018-09-24 11:52:41.448  INFO 19608 --- [           main] f.a.AutowiredAnnotationBeanPostProcessor : JSR-330 &apos;javax.inject.Inject&apos; annotation found and supported for autowiring
2018-09-24 11:52:41.497  INFO 19608 --- [           main] trationDelegate$BeanPostProcessorChecker : Bean &apos;configurationPropertiesRebinderAutoConfiguration&apos; of type [org.springframework.cloud.autoconfigure.ConfigurationPropertiesRebinderAutoConfiguration$$EnhancerBySpringCGLIB$$9dba34c6] is not eligible for getting processed by all BeanPostProcessors (for example: not eligible for auto-proxying)

  .   ____          _            __ _ _
 /\\ / ___&apos;_ __ _ _(_)_ __  __ _ \ \ \ \
( ( )\___ | &apos;_ | &apos;_| | &apos;_ \/ _` | \ \ \ \
 \\/  ___)| |_)| | | | | || (_| |  ) ) ) )
  &apos;  |____| .__|_| |_|_| |_\__, | / / / /
 =========|_|==============|___/=/_/_/_/
 :: Spring Boot ::        (v1.5.6.RELEASE)

2018-09-24 11:52:42.032  INFO 19608 --- [           main] c.n.web.controller.UserControllerTest    : No active profile set, falling back to default profiles: default
2018-09-24 11:52:42.036  INFO 19608 --- [           main] o.s.w.c.s.GenericWebApplicationContext   : Refreshing org.springframework.web.context.support.GenericWebApplicationContext@b968a76: startup date [Mon Sep 24 11:52:42 CST 2018]; parent: org.springframework.context.annotation.AnnotationConfigApplicationContext@6c4906d3
2018-09-24 11:52:43.150  INFO 19608 --- [           main] .s.d.r.c.RepositoryConfigurationDelegate : Multiple Spring Data modules found, entering strict repository configuration mode!
2018-09-24 11:52:43.429  INFO 19608 --- [           main] o.s.cloud.context.scope.GenericScope     : BeanFactory id=f434cba8-4425-3edd-8c19-910499aaee9c
2018-09-24 11:52:43.516  INFO 19608 --- [           main] f.a.AutowiredAnnotationBeanPostProcessor : JSR-330 &apos;javax.inject.Inject&apos; annotation found and supported for autowiring
2018-09-24 11:52:43.669  INFO 19608 --- [           main] trationDelegate$BeanPostProcessorChecker : Bean &apos;org.springframework.transaction.annotation.ProxyTransactionManagementConfiguration&apos; of type [org.springframework.transaction.annotation.ProxyTransactionManagementConfiguration$$EnhancerBySpringCGLIB$$81a031c9] is not eligible for getting processed by all BeanPostProcessors (for example: not eligible for auto-proxying)
2018-09-24 11:52:43.792  INFO 19608 --- [           main] trationDelegate$BeanPostProcessorChecker : Bean &apos;org.springframework.cloud.autoconfigure.ConfigurationPropertiesRebinderAutoConfiguration&apos; of type [org.springframework.cloud.autoconfigure.ConfigurationPropertiesRebinderAutoConfiguration$$EnhancerBySpringCGLIB$$9dba34c6] is not eligible for getting processed by all BeanPostProcessors (for example: not eligible for auto-proxying)
2018-09-24 11:52:44.890  INFO 19608 --- [           main] s.w.s.m.m.a.RequestMappingHandlerMapping : Mapped &quot;{[/hello],methods=[GET]}&quot; onto public java.lang.String com.news.DemoApplication.hello()
2018-09-24 11:52:44.891  INFO 19608 --- [           main] s.w.s.m.m.a.RequestMappingHandlerMapping : Mapped &quot;{[/order]}&quot; onto public org.springframework.web.context.request.async.DeferredResult&lt;java.lang.String&gt; com.news.web.async.AsyncController.order() throws java.lang.Exception
2018-09-24 11:52:44.894  INFO 19608 --- [           main] s.w.s.m.m.a.RequestMappingHandlerMapping : Mapped &quot;{[/file],methods=[POST]}&quot; onto public com.news.dto.FileInfo com.news.web.controller.FileController.upload(org.springframework.web.multipart.MultipartFile) throws java.lang.Exception
2018-09-24 11:52:44.894  INFO 19608 --- [           main] s.w.s.m.m.a.RequestMappingHandlerMapping : Mapped &quot;{[/file/{id}],methods=[GET]}&quot; onto public void com.news.web.controller.FileController.download(java.lang.String,javax.servlet.http.HttpServletRequest,javax.servlet.http.HttpServletResponse) throws java.lang.Exception
2018-09-24 11:52:44.899  INFO 19608 --- [           main] s.w.s.m.m.a.RequestMappingHandlerMapping : Mapped &quot;{[/user/{id:\d+}],methods=[PUT]}&quot; onto public com.news.dto.User com.news.web.controller.UserController.update(com.news.dto.User,org.springframework.validation.BindingResult)
2018-09-24 11:52:44.899  INFO 19608 --- [           main] s.w.s.m.m.a.RequestMappingHandlerMapping : Mapped &quot;{[/user/{id:\d+}],methods=[DELETE]}&quot; onto public void com.news.web.controller.UserController.delete(java.lang.String)
2018-09-24 11:52:44.900  INFO 19608 --- [           main] s.w.s.m.m.a.RequestMappingHandlerMapping : Mapped &quot;{[/user],methods=[GET]}&quot; onto public java.util.List&lt;com.news.dto.User&gt; com.news.web.controller.UserController.query(com.news.dto.UserQueryCondition,org.springframework.data.domain.Pageable)
2018-09-24 11:52:44.900  INFO 19608 --- [           main] s.w.s.m.m.a.RequestMappingHandlerMapping : Mapped &quot;{[/user],methods=[POST]}&quot; onto public com.news.dto.User com.news.web.controller.UserController.userCreate(com.news.dto.User,org.springframework.validation.BindingResult)
2018-09-24 11:52:44.900  INFO 19608 --- [           main] s.w.s.m.m.a.RequestMappingHandlerMapping : Mapped &quot;{[/user/{id:\d+}],methods=[GET]}&quot; onto public com.news.dto.User com.news.web.controller.UserController.getInfo(java.lang.String)
2018-09-24 11:52:44.902  INFO 19608 --- [           main] s.w.s.m.m.a.RequestMappingHandlerMapping : Mapped &quot;{[/authentication/require]}&quot; onto public com.news.security.browser.support.SimpleResponse com.news.security.browser.BrowserSecurityController.requireAuthentication(javax.servlet.http.HttpServletRequest,javax.servlet.http.HttpServletResponse) throws java.io.IOException
2018-09-24 11:52:44.903  INFO 19608 --- [           main] s.w.s.m.m.a.RequestMappingHandlerMapping : Mapped &quot;{[/code/image],methods=[GET]}&quot; onto public void com.news.security.core.validate.code.ValidateCodeController.createCode(javax.servlet.http.HttpServletRequest,javax.servlet.http.HttpServletResponse) throws java.lang.Exception
2018-09-24 11:52:44.905  INFO 19608 --- [           main] s.w.s.m.m.a.RequestMappingHandlerMapping : Mapped &quot;{[/swagger-resources/configuration/security]}&quot; onto public org.springframework.http.ResponseEntity&lt;springfox.documentation.swagger.web.SecurityConfiguration&gt; springfox.documentation.swagger.web.ApiResourceController.securityConfiguration()
2018-09-24 11:52:44.906  INFO 19608 --- [           main] s.w.s.m.m.a.RequestMappingHandlerMapping : Mapped &quot;{[/swagger-resources]}&quot; onto public org.springframework.http.ResponseEntity&lt;java.util.List&lt;springfox.documentation.swagger.web.SwaggerResource&gt;&gt; springfox.documentation.swagger.web.ApiResourceController.swaggerResources()
2018-09-24 11:52:44.907  INFO 19608 --- [           main] s.w.s.m.m.a.RequestMappingHandlerMapping : Mapped &quot;{[/swagger-resources/configuration/ui]}&quot; onto public org.springframework.http.ResponseEntity&lt;springfox.documentation.swagger.web.UiConfiguration&gt; springfox.documentation.swagger.web.ApiResourceController.uiConfiguration()
2018-09-24 11:52:44.910  INFO 19608 --- [           main] s.w.s.m.m.a.RequestMappingHandlerMapping : Mapped &quot;{[/error]}&quot; onto public org.springframework.http.ResponseEntity&lt;java.util.Map&lt;java.lang.String, java.lang.Object&gt;&gt; org.springframework.boot.autoconfigure.web.BasicErrorController.error(javax.servlet.http.HttpServletRequest)
2018-09-24 11:52:44.911  INFO 19608 --- [           main] s.w.s.m.m.a.RequestMappingHandlerMapping : Mapped &quot;{[/error],produces=[text/html]}&quot; onto public org.springframework.web.servlet.ModelAndView org.springframework.boot.autoconfigure.web.BasicErrorController.errorHtml(javax.servlet.http.HttpServletRequest,javax.servlet.http.HttpServletResponse)
2018-09-24 11:52:45.469  INFO 19608 --- [           main] o.s.b.a.e.mvc.EndpointHandlerMapping     : Mapped &quot;{[/dump || /dump.json],methods=[GET],produces=[application/vnd.spring-boot.actuator.v1+json || application/json]}&quot; onto public java.lang.Object org.springframework.boot.actuate.endpoint.mvc.EndpointMvcAdapter.invoke()
2018-09-24 11:52:45.470  INFO 19608 --- [           main] o.s.b.a.e.mvc.EndpointHandlerMapping     : Mapped &quot;{[/health || /health.json],methods=[GET],produces=[application/vnd.spring-boot.actuator.v1+json || application/json]}&quot; onto public java.lang.Object org.springframework.boot.actuate.endpoint.mvc.HealthMvcEndpoint.invoke(javax.servlet.http.HttpServletRequest,java.security.Principal)
2018-09-24 11:52:45.471  INFO 19608 --- [           main] o.s.b.a.e.mvc.EndpointHandlerMapping     : Mapped &quot;{[/auditevents || /auditevents.json],methods=[GET],produces=[application/vnd.spring-boot.actuator.v1+json || application/json]}&quot; onto public org.springframework.http.ResponseEntity&lt;?&gt; org.springframework.boot.actuate.endpoint.mvc.AuditEventsMvcEndpoint.findByPrincipalAndAfterAndType(java.lang.String,java.util.Date,java.lang.String)
2018-09-24 11:52:45.471  INFO 19608 --- [           main] o.s.b.a.e.mvc.EndpointHandlerMapping     : Mapped &quot;{[/mappings || /mappings.json],methods=[GET],produces=[application/vnd.spring-boot.actuator.v1+json || application/json]}&quot; onto public java.lang.Object org.springframework.boot.actuate.endpoint.mvc.EndpointMvcAdapter.invoke()
2018-09-24 11:52:45.472  INFO 19608 --- [           main] o.s.b.a.e.mvc.EndpointHandlerMapping     : Mapped &quot;{[/env],methods=[POST]}&quot; onto public java.lang.Object org.springframework.cloud.context.environment.EnvironmentManagerMvcEndpoint.value(java.util.Map&lt;java.lang.String, java.lang.String&gt;)
2018-09-24 11:52:45.472  INFO 19608 --- [           main] o.s.b.a.e.mvc.EndpointHandlerMapping     : Mapped &quot;{[/env/reset],methods=[POST]}&quot; onto public java.util.Map&lt;java.lang.String, java.lang.Object&gt; org.springframework.cloud.context.environment.EnvironmentManagerMvcEndpoint.reset()
2018-09-24 11:52:45.473  INFO 19608 --- [           main] o.s.b.a.e.mvc.EndpointHandlerMapping     : Mapped &quot;{[/beans || /beans.json],methods=[GET],produces=[application/vnd.spring-boot.actuator.v1+json || application/json]}&quot; onto public java.lang.Object org.springframework.boot.actuate.endpoint.mvc.EndpointMvcAdapter.invoke()
2018-09-24 11:52:45.473  INFO 19608 --- [           main] o.s.b.a.e.mvc.EndpointHandlerMapping     : Mapped &quot;{[/pause || /pause.json],methods=[POST]}&quot; onto public java.lang.Object org.springframework.cloud.endpoint.GenericPostableMvcEndpoint.invoke()
2018-09-24 11:52:45.474  INFO 19608 --- [           main] o.s.b.a.e.mvc.EndpointHandlerMapping     : Mapped &quot;{[/metrics/{name:.*}],methods=[GET],produces=[application/vnd.spring-boot.actuator.v1+json || application/json]}&quot; onto public java.lang.Object org.springframework.boot.actuate.endpoint.mvc.MetricsMvcEndpoint.value(java.lang.String)
2018-09-24 11:52:45.474  INFO 19608 --- [           main] o.s.b.a.e.mvc.EndpointHandlerMapping     : Mapped &quot;{[/metrics || /metrics.json],methods=[GET],produces=[application/vnd.spring-boot.actuator.v1+json || application/json]}&quot; onto public java.lang.Object org.springframework.boot.actuate.endpoint.mvc.EndpointMvcAdapter.invoke()
2018-09-24 11:52:45.475  INFO 19608 --- [           main] o.s.b.a.e.mvc.EndpointHandlerMapping     : Mapped &quot;{[/trace || /trace.json],methods=[GET],produces=[application/vnd.spring-boot.actuator.v1+json || application/json]}&quot; onto public java.lang.Object org.springframework.boot.actuate.endpoint.mvc.EndpointMvcAdapter.invoke()
2018-09-24 11:52:45.476  INFO 19608 --- [           main] o.s.b.a.e.mvc.EndpointHandlerMapping     : Mapped &quot;{[/features || /features.json],methods=[GET],produces=[application/vnd.spring-boot.actuator.v1+json || application/json]}&quot; onto public java.lang.Object org.springframework.boot.actuate.endpoint.mvc.EndpointMvcAdapter.invoke()
2018-09-24 11:52:45.476  INFO 19608 --- [           main] o.s.b.a.e.mvc.EndpointHandlerMapping     : Mapped &quot;{[/refresh || /refresh.json],methods=[POST]}&quot; onto public java.lang.Object org.springframework.cloud.endpoint.GenericPostableMvcEndpoint.invoke()
2018-09-24 11:52:45.477  INFO 19608 --- [           main] o.s.b.a.e.mvc.EndpointHandlerMapping     : Mapped &quot;{[/autoconfig || /autoconfig.json],methods=[GET],produces=[application/vnd.spring-boot.actuator.v1+json || application/json]}&quot; onto public java.lang.Object org.springframework.boot.actuate.endpoint.mvc.EndpointMvcAdapter.invoke()
2018-09-24 11:52:45.478  INFO 19608 --- [           main] o.s.b.a.e.mvc.EndpointHandlerMapping     : Mapped &quot;{[/configprops || /configprops.json],methods=[GET],produces=[application/vnd.spring-boot.actuator.v1+json || application/json]}&quot; onto public java.lang.Object org.springframework.boot.actuate.endpoint.mvc.EndpointMvcAdapter.invoke()
2018-09-24 11:52:45.480  INFO 19608 --- [           main] o.s.b.a.e.mvc.EndpointHandlerMapping     : Mapped &quot;{[/restart || /restart.json],methods=[POST]}&quot; onto public java.lang.Object org.springframework.cloud.context.restart.RestartMvcEndpoint.invoke()
2018-09-24 11:52:45.481  INFO 19608 --- [           main] o.s.b.a.e.mvc.EndpointHandlerMapping     : Mapped &quot;{[/env/{name:.*}],methods=[GET],produces=[application/vnd.spring-boot.actuator.v1+json || application/json]}&quot; onto public java.lang.Object org.springframework.boot.actuate.endpoint.mvc.EnvironmentMvcEndpoint.value(java.lang.String)
2018-09-24 11:52:45.482  INFO 19608 --- [           main] o.s.b.a.e.mvc.EndpointHandlerMapping     : Mapped &quot;{[/env || /env.json],methods=[GET],produces=[application/vnd.spring-boot.actuator.v1+json || application/json]}&quot; onto public java.lang.Object org.springframework.boot.actuate.endpoint.mvc.EndpointMvcAdapter.invoke()
2018-09-24 11:52:45.483  INFO 19608 --- [           main] o.s.b.a.e.mvc.EndpointHandlerMapping     : Mapped &quot;{[/heapdump || /heapdump.json],methods=[GET],produces=[application/octet-stream]}&quot; onto public void org.springframework.boot.actuate.endpoint.mvc.HeapdumpMvcEndpoint.invoke(boolean,javax.servlet.http.HttpServletRequest,javax.servlet.http.HttpServletResponse) throws java.io.IOException,javax.servlet.ServletException
2018-09-24 11:52:45.484  INFO 19608 --- [           main] o.s.b.a.e.mvc.EndpointHandlerMapping     : Mapped &quot;{[/info || /info.json],methods=[GET],produces=[application/vnd.spring-boot.actuator.v1+json || application/json]}&quot; onto public java.lang.Object org.springframework.boot.actuate.endpoint.mvc.EndpointMvcAdapter.invoke()
2018-09-24 11:52:45.486  INFO 19608 --- [           main] o.s.b.a.e.mvc.EndpointHandlerMapping     : Mapped &quot;{[/loggers/{name:.*}],methods=[GET],produces=[application/vnd.spring-boot.actuator.v1+json || application/json]}&quot; onto public java.lang.Object org.springframework.boot.actuate.endpoint.mvc.LoggersMvcEndpoint.get(java.lang.String)
2018-09-24 11:52:45.487  INFO 19608 --- [           main] o.s.b.a.e.mvc.EndpointHandlerMapping     : Mapped &quot;{[/loggers/{name:.*}],methods=[POST],consumes=[application/vnd.spring-boot.actuator.v1+json || application/json],produces=[application/vnd.spring-boot.actuator.v1+json || application/json]}&quot; onto public java.lang.Object org.springframework.boot.actuate.endpoint.mvc.LoggersMvcEndpoint.set(java.lang.String,java.util.Map&lt;java.lang.String, java.lang.String&gt;)
2018-09-24 11:52:45.487  INFO 19608 --- [           main] o.s.b.a.e.mvc.EndpointHandlerMapping     : Mapped &quot;{[/loggers || /loggers.json],methods=[GET],produces=[application/vnd.spring-boot.actuator.v1+json || application/json]}&quot; onto public java.lang.Object org.springframework.boot.actuate.endpoint.mvc.EndpointMvcAdapter.invoke()
2018-09-24 11:52:45.488  INFO 19608 --- [           main] o.s.b.a.e.mvc.EndpointHandlerMapping     : Mapped &quot;{[/resume || /resume.json],methods=[POST]}&quot; onto public java.lang.Object org.springframework.cloud.endpoint.GenericPostableMvcEndpoint.invoke()
2018-09-24 11:52:45.643  INFO 19608 --- [           main] pertySourcedRequestMappingHandlerMapping : Mapped URL path [/v2/api-docs] onto method [public org.springframework.http.ResponseEntity&lt;springfox.documentation.spring.web.json.Json&gt; springfox.documentation.swagger2.web.Swagger2Controller.getDocumentation(java.lang.String,javax.servlet.http.HttpServletRequest)]
2018-09-24 11:52:45.970  INFO 19608 --- [           main] s.w.s.m.m.a.RequestMappingHandlerAdapter : Looking for @ControllerAdvice: org.springframework.web.context.support.GenericWebApplicationContext@b968a76: startup date [Mon Sep 24 11:52:42 CST 2018]; parent: org.springframework.context.annotation.AnnotationConfigApplicationContext@6c4906d3
2018-09-24 11:52:46.035  INFO 19608 --- [           main] o.s.w.s.handler.SimpleUrlHandlerMapping  : Mapped URL path [/webjars/**] onto handler of type [class org.springframework.web.servlet.resource.ResourceHttpRequestHandler]
2018-09-24 11:52:46.035  INFO 19608 --- [           main] o.s.w.s.handler.SimpleUrlHandlerMapping  : Mapped URL path [/**] onto handler of type [class org.springframework.web.servlet.resource.ResourceHttpRequestHandler]
2018-09-24 11:52:46.050  INFO 19608 --- [           main] .m.m.a.ExceptionHandlerExceptionResolver : Detected @ExceptionHandler methods in controllerExceptionHandler
2018-09-24 11:52:46.079  INFO 19608 --- [           main] o.s.w.s.handler.SimpleUrlHandlerMapping  : Mapped URL path [/**/favicon.ico] onto handler of type [class org.springframework.web.servlet.resource.ResourceHttpRequestHandler]
2018-09-24 11:52:46.114  INFO 19608 --- [           main] oConfiguration$WelcomePageHandlerMapping : Adding welcome page: ServletContext resource [/index.html]
2018-09-24 11:52:46.534  INFO 19608 --- [           main] o.s.s.web.DefaultSecurityFilterChain     : Creating filter chain: OrRequestMatcher [requestMatchers=[Ant [pattern=&apos;/css/**&apos;], Ant [pattern=&apos;/js/**&apos;], Ant [pattern=&apos;/images/**&apos;], Ant [pattern=&apos;/webjars/**&apos;], Ant [pattern=&apos;/**/favicon.ico&apos;], Ant [pattern=&apos;/error&apos;]]], []
2018-09-24 11:52:46.624  INFO 19608 --- [           main] o.s.s.web.DefaultSecurityFilterChain     : Creating filter chain: org.springframework.security.web.util.matcher.AnyRequestMatcher@1, [org.springframework.security.web.context.request.async.WebAsyncManagerIntegrationFilter@d949bc4, org.springframework.security.web.context.SecurityContextPersistenceFilter@9bf63d2, org.springframework.security.web.header.HeaderWriterFilter@6f68756d, org.springframework.security.web.authentication.logout.LogoutFilter@22cd8ec2, com.news.security.core.validate.code.ValidateCodeFilter@7079f8f0, org.springframework.security.web.authentication.UsernamePasswordAuthenticationFilter@76134b9b, org.springframework.security.web.savedrequest.RequestCacheAwareFilter@7f53fc38, org.springframework.security.web.servletapi.SecurityContextHolderAwareRequestFilter@18811c42, org.springframework.security.web.authentication.rememberme.RememberMeAuthenticationFilter@3a8fb023, org.springframework.security.web.authentication.AnonymousAuthenticationFilter@121cf6f4, org.springframework.security.web.session.SessionManagementFilter@5d9bb69b, org.springframework.security.web.access.ExceptionTranslationFilter@173b1af1, org.springframework.security.web.access.intercept.FilterSecurityInterceptor@7d8f2eec]
2018-09-24 11:52:46.642  INFO 19608 --- [           main] o.s.s.web.DefaultSecurityFilterChain     : Creating filter chain: org.springframework.boot.actuate.autoconfigure.ManagementWebSecurityAutoConfiguration$LazyEndpointPathRequestMatcher@4489f60f, [org.springframework.security.web.context.request.async.WebAsyncManagerIntegrationFilter@fe08eaf, org.springframework.security.web.context.SecurityContextPersistenceFilter@563843f1, org.springframework.security.web.header.HeaderWriterFilter@27dfd12b, org.springframework.web.filter.CorsFilter@6fd9dbe6, org.springframework.security.web.authentication.logout.LogoutFilter@1171ba7e, org.springframework.security.web.authentication.www.BasicAuthenticationFilter@5f2b9da8, org.springframework.security.web.savedrequest.RequestCacheAwareFilter@38cb1606, org.springframework.security.web.servletapi.SecurityContextHolderAwareRequestFilter@61c4cebd, org.springframework.security.web.authentication.AnonymousAuthenticationFilter@7b3085a3, org.springframework.security.web.session.SessionManagementFilter@4348fa35, org.springframework.security.web.access.ExceptionTranslationFilter@1c0e4262, org.springframework.security.web.access.intercept.FilterSecurityInterceptor@32f308c6]
2018-09-24 11:52:46.647  INFO 19608 --- [           main] o.s.s.web.DefaultSecurityFilterChain     : Creating filter chain: OrRequestMatcher [requestMatchers=[Ant [pattern=&apos;/**&apos;]]], [org.springframework.security.web.context.request.async.WebAsyncManagerIntegrationFilter@51813065, org.springframework.security.web.context.SecurityContextPersistenceFilter@6533629, org.springframework.security.web.header.HeaderWriterFilter@36871e98, org.springframework.security.web.authentication.logout.LogoutFilter@459bf87c, org.springframework.security.web.authentication.www.BasicAuthenticationFilter@5ae66c98, org.springframework.security.web.savedrequest.RequestCacheAwareFilter@f49e81a, org.springframework.security.web.servletapi.SecurityContextHolderAwareRequestFilter@1b444b5, org.springframework.security.web.authentication.AnonymousAuthenticationFilter@4f581211, org.springframework.security.web.session.SessionManagementFilter@70d687b8, org.springframework.security.web.access.ExceptionTranslationFilter@5a7a6d34, org.springframework.security.web.access.intercept.FilterSecurityInterceptor@39acd1f1]
2018-09-24 11:52:47.454  INFO 19608 --- [           main] o.s.c.support.DefaultLifecycleProcessor  : Starting beans in phase 2147483647
2018-09-24 11:52:47.454  INFO 19608 --- [           main] d.s.w.p.DocumentationPluginsBootstrapper : Context refreshed
2018-09-24 11:52:47.482  INFO 19608 --- [           main] d.s.w.p.DocumentationPluginsBootstrapper : Found 1 custom documentation plugin(s)
2018-09-24 11:52:47.537  INFO 19608 --- [           main] s.d.s.w.s.ApiListingReferenceScanner     : Scanning for api listing references
2018-09-24 11:52:47.686  INFO 19608 --- [           main] .d.s.w.r.o.CachingOperationNameGenerator : Generating unique operation named: findByPrincipalAndAfterAndTypeUsingGET_1
2018-09-24 11:52:47.786  INFO 19608 --- [           main] .d.s.w.r.o.CachingOperationNameGenerator : Generating unique operation named: invokeUsingGET_1
2018-09-24 11:52:47.788  INFO 19608 --- [           main] .d.s.w.r.o.CachingOperationNameGenerator : Generating unique operation named: invokeUsingGET_2
2018-09-24 11:52:47.789  INFO 19608 --- [           main] .d.s.w.r.o.CachingOperationNameGenerator : Generating unique operation named: invokeUsingGET_3
2018-09-24 11:52:47.792  INFO 19608 --- [           main] .d.s.w.r.o.CachingOperationNameGenerator : Generating unique operation named: invokeUsingGET_4
2018-09-24 11:52:47.794  INFO 19608 --- [           main] .d.s.w.r.o.CachingOperationNameGenerator : Generating unique operation named: invokeUsingGET_5
2018-09-24 11:52:47.796  INFO 19608 --- [           main] .d.s.w.r.o.CachingOperationNameGenerator : Generating unique operation named: invokeUsingGET_6
2018-09-24 11:52:47.798  INFO 19608 --- [           main] .d.s.w.r.o.CachingOperationNameGenerator : Generating unique operation named: invokeUsingGET_7
2018-09-24 11:52:47.800  INFO 19608 --- [           main] .d.s.w.r.o.CachingOperationNameGenerator : Generating unique operation named: invokeUsingGET_8
2018-09-24 11:52:47.802  INFO 19608 --- [           main] .d.s.w.r.o.CachingOperationNameGenerator : Generating unique operation named: invokeUsingGET_9
2018-09-24 11:52:47.804  INFO 19608 --- [           main] .d.s.w.r.o.CachingOperationNameGenerator : Generating unique operation named: invokeUsingGET_10
2018-09-24 11:52:47.806  INFO 19608 --- [           main] .d.s.w.r.o.CachingOperationNameGenerator : Generating unique operation named: invokeUsingGET_11
2018-09-24 11:52:47.808  INFO 19608 --- [           main] .d.s.w.r.o.CachingOperationNameGenerator : Generating unique operation named: invokeUsingGET_12
2018-09-24 11:52:47.809  INFO 19608 --- [           main] .d.s.w.r.o.CachingOperationNameGenerator : Generating unique operation named: invokeUsingGET_13
2018-09-24 11:52:47.812  INFO 19608 --- [           main] .d.s.w.r.o.CachingOperationNameGenerator : Generating unique operation named: invokeUsingGET_14
2018-09-24 11:52:47.813  INFO 19608 --- [           main] .d.s.w.r.o.CachingOperationNameGenerator : Generating unique operation named: invokeUsingGET_15
2018-09-24 11:52:47.823  INFO 19608 --- [           main] .d.s.w.r.o.CachingOperationNameGenerator : Generating unique operation named: invokeUsingGET_16
2018-09-24 11:52:47.825  INFO 19608 --- [           main] .d.s.w.r.o.CachingOperationNameGenerator : Generating unique operation named: invokeUsingGET_17
2018-09-24 11:52:47.842  INFO 19608 --- [           main] .d.s.w.r.o.CachingOperationNameGenerator : Generating unique operation named: invokeUsingPOST_1
2018-09-24 11:52:47.844  INFO 19608 --- [           main] .d.s.w.r.o.CachingOperationNameGenerator : Generating unique operation named: invokeUsingPOST_2
2018-09-24 11:52:47.846  INFO 19608 --- [           main] .d.s.w.r.o.CachingOperationNameGenerator : Generating unique operation named: invokeUsingPOST_3
2018-09-24 11:52:47.848  INFO 19608 --- [           main] .d.s.w.r.o.CachingOperationNameGenerator : Generating unique operation named: invokeUsingPOST_4
2018-09-24 11:52:47.850  INFO 19608 --- [           main] .d.s.w.r.o.CachingOperationNameGenerator : Generating unique operation named: invokeUsingPOST_5
2018-09-24 11:52:47.859  INFO 19608 --- [           main] .d.s.w.r.o.CachingOperationNameGenerator : Generating unique operation named: invokeUsingGET_18
2018-09-24 11:52:47.863  INFO 19608 --- [           main] .d.s.w.r.o.CachingOperationNameGenerator : Generating unique operation named: invokeUsingGET_19
2018-09-24 11:52:47.869  INFO 19608 --- [           main] .d.s.w.r.o.CachingOperationNameGenerator : Generating unique operation named: invokeUsingGET_20
2018-09-24 11:52:47.873  INFO 19608 --- [           main] .d.s.w.r.o.CachingOperationNameGenerator : Generating unique operation named: invokeUsingGET_21
2018-09-24 11:52:47.880  INFO 19608 --- [           main] .d.s.w.r.o.CachingOperationNameGenerator : Generating unique operation named: invokeUsingGET_22
2018-09-24 11:52:47.882  INFO 19608 --- [           main] .d.s.w.r.o.CachingOperationNameGenerator : Generating unique operation named: invokeUsingGET_23
2018-09-24 11:52:47.889  INFO 19608 --- [           main] .d.s.w.r.o.CachingOperationNameGenerator : Generating unique operation named: invokeUsingGET_24
2018-09-24 11:52:47.890  INFO 19608 --- [           main] .d.s.w.r.o.CachingOperationNameGenerator : Generating unique operation named: invokeUsingGET_25
2018-09-24 11:52:47.894  INFO 19608 --- [           main] .d.s.w.r.o.CachingOperationNameGenerator : Generating unique operation named: valueUsingGET_1
2018-09-24 11:52:47.896  INFO 19608 --- [           main] .d.s.w.r.o.CachingOperationNameGenerator : Generating unique operation named: invokeUsingPOST_6
2018-09-24 11:52:47.898  INFO 19608 --- [           main] .d.s.w.r.o.CachingOperationNameGenerator : Generating unique operation named: invokeUsingPOST_7
2018-09-24 11:52:47.968  INFO 19608 --- [           main] c.n.web.controller.UserControllerTest    : Started UserControllerTest in 7.33 seconds (JVM running for 8.014)
2018-09-24 11:52:48.023  INFO 19608 --- [           main] o.s.b.t.m.w.SpringBootMockServletContext : Initializing Spring FrameworkServlet &apos;&apos;
2018-09-24 11:52:48.023  INFO 19608 --- [           main] o.s.t.web.servlet.TestDispatcherServlet  : FrameworkServlet &apos;&apos;: initialization started
2018-09-24 11:52:48.041  INFO 19608 --- [           main] o.s.t.web.servlet.TestDispatcherServlet  : FrameworkServlet &apos;&apos;: initialization completed in 18 ms
file
test.txt
12
</system-out>
  </testcase>
  <testcase classname="com.news.web.controller.UserControllerTest" name="whenQuerySuccess" time="0.081"/>
  <testcase classname="com.news.web.controller.UserControllerTest" name="whenCreateSuccess" time="0.105"/>
  <testcase classname="com.news.web.controller.UserControllerTest" name="whenUpdateSuccess" time="0.021"/>
  <testcase classname="com.news.web.controller.UserControllerTest" name="whenDeleteSuccess" time="0.011"/>
  <testcase classname="com.news.web.controller.UserControllerTest" name="whenGetInfoSuccess" time="0.012"/>
  <testcase classname="com.news.web.controller.UserControllerTest" name="whenGetInfoIsFail" time="0.015"/>
</testsuite>